# JRE version: OpenJDK Runtime Environment (11.0.12+7) (build 11.0.12+7-b1504.28-7817840)
# Java VM: OpenJDK 64-Bit Server VM (11.0.12+7-b1504.28-7817840, mixed mode, tiered, compressed oops, g1 gc, windows-amd64)
Heap:
 garbage-first heap   total 540672K, used 260664K [0x0000000703000000, 0x0000000800000000)
  region size 1024K, 15 young (15360K), 15 survivors (15360K)
 Metaspace       used 103120K, capacity 104454K, committed 104604K, reserved 1142784K
  class space    used 10289K, capacity 10793K, committed 10828K, reserved 1048576K
GC Heap History (20 events):
Event: 72.146 GC heap after
{Heap after GC invocations=35 (full 0):
 garbage-first heap   total 374784K, used 269281K [0x0000000703000000, 0x0000000800000000)
  region size 1024K, 7 young (7168K), 7 survivors (7168K)
 Metaspace       used 95910K, capacity 97293K, committed 97564K, reserved 1136640K
  class space    used 9864K, capacity 10369K, committed 10444K, reserved 1048576K
}
Event: 72.243 GC heap before
{Heap before GC invocations=35 (full 0):
 garbage-first heap   total 374784K, used 280545K [0x0000000703000000, 0x0000000800000000)
  region size 1024K, 18 young (18432K), 7 survivors (7168K)
 Metaspace       used 95932K, capacity 97357K, committed 97564K, reserved 1136640K
  class space    used 9864K, capacity 10369K, committed 10444K, reserved 1048576K
}
Event: 72.273 GC heap after
{Heap after GC invocations=36 (full 0):
 garbage-first heap   total 374784K, used 244932K [0x0000000703000000, 0x0000000800000000)
  region size 1024K, 3 young (3072K), 3 survivors (3072K)
 Metaspace       used 95932K, capacity 97357K, committed 97564K, reserved 1136640K
  class space    used 9864K, capacity 10369K, committed 10444K, reserved 1048576K
}
Event: 72.441 GC heap before
{Heap before GC invocations=36 (full 0):
 garbage-first heap   total 374784K, used 260292K [0x0000000703000000, 0x0000000800000000)
  region size 1024K, 18 young (18432K), 3 survivors (3072K)
 Metaspace       used 95993K, capacity 97357K, committed 97564K, reserved 1136640K
  class space    used 9864K, capacity 10369K, committed 10444K, reserved 1048576K
}
Event: 72.463 GC heap after
{Heap after GC invocations=37 (full 0):
 garbage-first heap   total 374784K, used 240024K [0x0000000703000000, 0x0000000800000000)
  region size 1024K, 2 young (2048K), 2 survivors (2048K)
 Metaspace       used 95993K, capacity 97357K, committed 97564K, reserved 1136640K
  class space    used 9864K, capacity 10369K, committed 10444K, reserved 1048576K
}
Event: 73.084 GC heap before
{Heap before GC invocations=37 (full 0):
 garbage-first heap   total 374784K, used 302488K [0x0000000703000000, 0x0000000800000000)
  region size 1024K, 63 young (64512K), 2 survivors (2048K)
 Metaspace       used 96154K, capacity 97549K, committed 97820K, reserved 1136640K
  class space    used 9865K, capacity 10369K, committed 10444K, reserved 1048576K
}
Event: 73.092 GC heap after
{Heap after GC invocations=38 (full 0):
 garbage-first heap   total 374784K, used 241234K [0x0000000703000000, 0x0000000800000000)
  region size 1024K, 3 young (3072K), 3 survivors (3072K)
 Metaspace       used 96154K, capacity 97549K, committed 97820K, reserved 1136640K
  class space    used 9865K, capacity 10369K, committed 10444K, reserved 1048576K
}
Event: 73.906 GC heap before
{Heap before GC invocations=38 (full 0):
 garbage-first heap   total 374784K, used 306770K [0x0000000703000000, 0x0000000800000000)
  region size 1024K, 67 young (68608K), 3 survivors (3072K)
 Metaspace       used 96463K, capacity 97869K, committed 98076K, reserved 1136640K
  class space    used 9877K, capacity 10369K, committed 10444K, reserved 1048576K
}
Event: 73.921 GC heap after
{Heap after GC invocations=39 (full 0):
 garbage-first heap   total 374784K, used 243076K [0x0000000703000000, 0x0000000800000000)
  region size 1024K, 5 young (5120K), 5 survivors (5120K)
 Metaspace       used 96463K, capacity 97869K, committed 98076K, reserved 1136640K
  class space    used 9877K, capacity 10369K, committed 10444K, reserved 1048576K
}
Event: 74.442 GC heap before
{Heap before GC invocations=40 (full 0):
 garbage-first heap   total 374784K, used 310660K [0x0000000703000000, 0x0000000800000000)
  region size 1024K, 71 young (72704K), 5 survivors (5120K)
 Metaspace       used 96546K, capacity 97933K, committed 98076K, reserved 1136640K
  class space    used 9877K, capacity 10369K, committed 10444K, reserved 1048576K
}
Event: 74.455 GC heap after
{Heap after GC invocations=41 (full 0):
 garbage-first heap   total 374784K, used 245028K [0x0000000703000000, 0x0000000800000000)
  region size 1024K, 6 young (6144K), 6 survivors (6144K)
 Metaspace       used 96546K, capacity 97933K, committed 98076K, reserved 1136640K
  class space    used 9877K, capacity 10369K, committed 10444K, reserved 1048576K
}
Event: 74.614 GC heap before
{Heap before GC invocations=41 (full 0):
 garbage-first heap   total 374784K, used 257316K [0x0000000703000000, 0x0000000800000000)
  region size 1024K, 18 young (18432K), 6 survivors (6144K)
 Metaspace       used 96608K, capacity 97997K, committed 98076K, reserved 1136640K
  class space    used 9878K, capacity 10369K, committed 10444K, reserved 1048576K
}
Event: 74.631 GC heap after
{Heap after GC invocations=42 (full 0):
 garbage-first heap   total 450560K, used 243533K [0x0000000703000000, 0x0000000800000000)
  region size 1024K, 1 young (1024K), 1 survivors (1024K)
 Metaspace       used 96608K, capacity 97997K, committed 98076K, reserved 1136640K
  class space    used 9878K, capacity 10369K, committed 10444K, reserved 1048576K
}
Event: 75.548 GC heap before
{Heap before GC invocations=42 (full 0):
 garbage-first heap   total 450560K, used 350029K [0x0000000703000000, 0x0000000800000000)
  region size 1024K, 105 young (107520K), 1 survivors (1024K)
 Metaspace       used 96682K, capacity 98061K, committed 98332K, reserved 1136640K
  class space    used 9878K, capacity 10369K, committed 10444K, reserved 1048576K
}
Event: 75.561 GC heap after
{Heap after GC invocations=43 (full 0):
 garbage-first heap   total 450560K, used 245674K [0x0000000703000000, 0x0000000800000000)
  region size 1024K, 3 young (3072K), 3 survivors (3072K)
 Metaspace       used 96682K, capacity 98061K, committed 98332K, reserved 1136640K
  class space    used 9878K, capacity 10369K, committed 10444K, reserved 1048576K
}
Event: 76.365 GC heap before
{Heap before GC invocations=43 (full 0):
 garbage-first heap   total 450560K, used 356266K [0x0000000703000000, 0x0000000800000000)
  region size 1024K, 111 young (113664K), 3 survivors (3072K)
 Metaspace       used 96795K, capacity 98189K, committed 98332K, reserved 1136640K
  class space    used 9878K, capacity 10369K, committed 10444K, reserved 1048576K
}
Event: 76.382 GC heap after
{Heap after GC invocations=44 (full 0):
 garbage-first heap   total 450560K, used 248103K [0x0000000703000000, 0x0000000800000000)
  region size 1024K, 6 young (6144K), 6 survivors (6144K)
 Metaspace       used 96795K, capacity 98189K, committed 98332K, reserved 1136640K
  class space    used 9878K, capacity 10369K, committed 10444K, reserved 1048576K
}
Event: 78.673 GC heap before
{Heap before GC invocations=45 (full 0):
 garbage-first heap   total 450560K, used 361767K [0x0000000703000000, 0x0000000800000000)
  region size 1024K, 117 young (119808K), 6 survivors (6144K)
 Metaspace       used 101995K, capacity 103398K, committed 103580K, reserved 1142784K
  class space    used 10258K, capacity 10761K, committed 10828K, reserved 1048576K
}
Event: 78.693 GC heap after
{Heap after GC invocations=46 (full 0):
 garbage-first heap   total 450560K, used 252276K [0x0000000703000000, 0x0000000800000000)
  region size 1024K, 10 young (10240K), 10 survivors (10240K)
 Metaspace       used 101995K, capacity 103398K, committed 103580K, reserved 1142784K
  class space    used 10258K, capacity 10761K, committed 10828K, reserved 1048576K
}
Event: 81.121 GC heap before
{Heap before GC invocations=46 (full 0):
 garbage-first heap   total 450560K, used 367988K [0x0000000703000000, 0x0000000800000000)
  region size 1024K, 123 young (125952K), 10 survivors (10240K)
 Metaspace       used 103120K, capacity 104454K, committed 104604K, reserved 1142784K
  class space    used 10289K, capacity 10793K, committed 10828K, reserved 1048576K
}

